[0m22:36:32.832389 [debug] [MainThread]: Sending event: {'category': 'dbt', 'action': 'invocation', 'label': 'start', 'context': [<snowplow_tracker.self_describing_json.SelfDescribingJson object at 0x104ff3cd0>, <snowplow_tracker.self_describing_json.SelfDescribingJson object at 0x106dc0850>, <snowplow_tracker.self_describing_json.SelfDescribingJson object at 0x106dc0130>]}


============================== 22:36:32.835565 | 9d479451-d1b9-4b22-9702-d19d65aae8df ==============================
[0m22:36:32.835565 [info ] [MainThread]: Running with dbt=1.8.3
[0m22:36:32.835888 [debug] [MainThread]: running dbt with arguments {'printer_width': '80', 'indirect_selection': 'eager', 'log_cache_events': 'False', 'write_json': 'True', 'partial_parse': 'True', 'cache_selected_only': 'False', 'warn_error': 'None', 'fail_fast': 'False', 'debug': 'False', 'log_path': '/Users/cedric.conol/Documents/sellerx/logs', 'version_check': 'True', 'profiles_dir': '/Users/cedric.conol/Documents/remote/warehouse-dbt/dbt/profile/', 'use_colors': 'True', 'use_experimental_parser': 'False', 'empty': 'None', 'quiet': 'False', 'no_print': 'None', 'warn_error_options': 'WarnErrorOptions(include=[], exclude=[])', 'invocation_command': 'dbt init', 'log_format': 'default', 'static_parser': 'True', 'target_path': 'None', 'introspect': 'True', 'send_anonymous_usage_stats': 'True'}
[0m22:36:32.865903 [info ] [MainThread]: Setting up your profile.
[0m22:37:50.716062 [debug] [MainThread]: Sending event: {'category': 'dbt', 'action': 'invocation', 'label': 'start', 'context': [<snowplow_tracker.self_describing_json.SelfDescribingJson object at 0x107017cd0>, <snowplow_tracker.self_describing_json.SelfDescribingJson object at 0x1089a7a90>, <snowplow_tracker.self_describing_json.SelfDescribingJson object at 0x1089a73d0>]}


============================== 22:37:50.719192 | 2839ade7-078c-4486-be50-59bcd550e764 ==============================
[0m22:37:50.719192 [info ] [MainThread]: Running with dbt=1.8.8
[0m22:37:50.719517 [debug] [MainThread]: running dbt with arguments {'printer_width': '80', 'indirect_selection': 'eager', 'log_cache_events': 'False', 'write_json': 'True', 'partial_parse': 'True', 'cache_selected_only': 'False', 'warn_error': 'None', 'version_check': 'True', 'debug': 'False', 'log_path': '/Users/cedric.conol/Documents/sellerx/logs', 'profiles_dir': '/Users/cedric.conol/Documents/remote/warehouse-dbt/dbt/profile/', 'fail_fast': 'False', 'use_colors': 'True', 'use_experimental_parser': 'False', 'no_print': 'None', 'quiet': 'False', 'empty': 'None', 'log_format': 'default', 'invocation_command': 'dbt init', 'warn_error_options': 'WarnErrorOptions(include=[], exclude=[])', 'static_parser': 'True', 'target_path': 'None', 'introspect': 'True', 'send_anonymous_usage_stats': 'True'}
[0m22:37:50.747361 [info ] [MainThread]: Setting up your profile.
[0m22:43:55.715067 [debug] [MainThread]: Sending event: {'category': 'dbt', 'action': 'invocation', 'label': 'start', 'context': [<snowplow_tracker.self_describing_json.SelfDescribingJson object at 0x1031abca0>, <snowplow_tracker.self_describing_json.SelfDescribingJson object at 0x104b3ba00>, <snowplow_tracker.self_describing_json.SelfDescribingJson object at 0x104b3b340>]}


============================== 22:43:55.719546 | d2c830b4-f77a-44a3-800c-63e85ace14d2 ==============================
[0m22:43:55.719546 [info ] [MainThread]: Running with dbt=1.8.8
[0m22:43:55.719929 [debug] [MainThread]: running dbt with arguments {'printer_width': '80', 'indirect_selection': 'eager', 'log_cache_events': 'False', 'write_json': 'True', 'partial_parse': 'True', 'cache_selected_only': 'False', 'warn_error': 'None', 'version_check': 'True', 'debug': 'False', 'log_path': '/Users/cedric.conol/Documents/sellerx/logs', 'fail_fast': 'False', 'profiles_dir': '/Users/cedric.conol/Documents/remote/warehouse-dbt/dbt/profile/', 'use_colors': 'True', 'use_experimental_parser': 'False', 'no_print': 'None', 'quiet': 'False', 'empty': 'None', 'log_format': 'default', 'invocation_command': 'dbt init sellerx_wh', 'static_parser': 'True', 'warn_error_options': 'WarnErrorOptions(include=[], exclude=[])', 'target_path': 'None', 'introspect': 'True', 'send_anonymous_usage_stats': 'True'}
[0m22:43:55.754376 [info ] [MainThread]: Setting up your profile.
[0m22:45:57.640891 [debug] [MainThread]: Sending event: {'category': 'dbt', 'action': 'invocation', 'label': 'start', 'context': [<snowplow_tracker.self_describing_json.SelfDescribingJson object at 0x104f7bc70>, <snowplow_tracker.self_describing_json.SelfDescribingJson object at 0x106cb39d0>, <snowplow_tracker.self_describing_json.SelfDescribingJson object at 0x106cb3310>]}


============================== 22:45:57.644174 | e8b41e4e-9c96-4412-97cd-b6bdcda65c9c ==============================
[0m22:45:57.644174 [info ] [MainThread]: Running with dbt=1.8.8
[0m22:45:57.644513 [debug] [MainThread]: running dbt with arguments {'printer_width': '80', 'indirect_selection': 'eager', 'log_cache_events': 'False', 'write_json': 'True', 'partial_parse': 'True', 'cache_selected_only': 'False', 'profiles_dir': '/Users/cedric.conol/Documents/remote/warehouse-dbt/dbt/profile/', 'fail_fast': 'False', 'debug': 'False', 'log_path': '/Users/cedric.conol/Documents/sellerx/logs', 'warn_error': 'None', 'version_check': 'True', 'use_colors': 'True', 'use_experimental_parser': 'False', 'no_print': 'None', 'quiet': 'False', 'empty': 'None', 'warn_error_options': 'WarnErrorOptions(include=[], exclude=[])', 'invocation_command': 'dbt init sellerx_wh', 'static_parser': 'True', 'log_format': 'default', 'target_path': 'None', 'introspect': 'True', 'send_anonymous_usage_stats': 'True'}
[0m22:45:57.677560 [info ] [MainThread]: Setting up your profile.
[0m22:46:26.259603 [debug] [MainThread]: Resource report: {"command_name": "init", "command_success": true, "command_wall_clock_time": 28.677301, "process_user_time": 0.684726, "process_kernel_time": 0.151999, "process_mem_max_rss": "94502912", "process_in_blocks": "0", "process_out_blocks": "0"}
[0m22:46:26.262367 [debug] [MainThread]: Command `dbt init` succeeded at 22:46:26.262024 after 28.68 seconds
[0m22:46:26.264300 [debug] [MainThread]: Sending event: {'category': 'dbt', 'action': 'invocation', 'label': 'end', 'context': [<snowplow_tracker.self_describing_json.SelfDescribingJson object at 0x104f7bc70>, <snowplow_tracker.self_describing_json.SelfDescribingJson object at 0x106c07400>, <snowplow_tracker.self_describing_json.SelfDescribingJson object at 0x1069dae90>]}
[0m22:46:26.265726 [debug] [MainThread]: Flushing usage events
[0m22:48:46.337500 [debug] [MainThread]: Sending event: {'category': 'dbt', 'action': 'invocation', 'label': 'start', 'context': [<snowplow_tracker.self_describing_json.SelfDescribingJson object at 0x1043bbc40>, <snowplow_tracker.self_describing_json.SelfDescribingJson object at 0x106f77b50>, <snowplow_tracker.self_describing_json.SelfDescribingJson object at 0x106f77490>]}


============================== 22:48:46.340821 | e3308481-6afe-463e-bfc8-592e8b791c7b ==============================
[0m22:48:46.340821 [info ] [MainThread]: Running with dbt=1.8.8
[0m22:48:46.341162 [debug] [MainThread]: running dbt with arguments {'printer_width': '80', 'indirect_selection': 'eager', 'write_json': 'True', 'log_cache_events': 'False', 'partial_parse': 'True', 'cache_selected_only': 'False', 'profiles_dir': '/Users/cedric.conol/Documents/remote/warehouse-dbt/dbt/profile/', 'fail_fast': 'False', 'debug': 'False', 'log_path': '/Users/cedric.conol/Documents/sellerx/logs', 'version_check': 'True', 'warn_error': 'None', 'use_colors': 'True', 'use_experimental_parser': 'False', 'empty': 'None', 'quiet': 'False', 'no_print': 'None', 'warn_error_options': 'WarnErrorOptions(include=[], exclude=[])', 'static_parser': 'True', 'log_format': 'default', 'introspect': 'True', 'target_path': 'None', 'invocation_command': 'dbt init sellerx_wh', 'send_anonymous_usage_stats': 'True'}
[0m22:48:46.370521 [info ] [MainThread]: Setting up your profile.
[0m22:51:28.120477 [debug] [MainThread]: Sending event: {'category': 'dbt', 'action': 'invocation', 'label': 'start', 'context': [<snowplow_tracker.self_describing_json.SelfDescribingJson object at 0x107323c70>, <snowplow_tracker.self_describing_json.SelfDescribingJson object at 0x11985b9a0>, <snowplow_tracker.self_describing_json.SelfDescribingJson object at 0x11985b2e0>]}


============================== 22:51:28.123281 | a804ecb3-707e-49d1-8988-d539d82c51a8 ==============================
[0m22:51:28.123281 [info ] [MainThread]: Running with dbt=1.8.8
[0m22:51:28.123620 [debug] [MainThread]: running dbt with arguments {'printer_width': '80', 'indirect_selection': 'eager', 'log_cache_events': 'False', 'write_json': 'True', 'partial_parse': 'True', 'cache_selected_only': 'False', 'warn_error': 'None', 'debug': 'False', 'fail_fast': 'False', 'log_path': '/Users/cedric.conol/Documents/sellerx/logs', 'version_check': 'True', 'profiles_dir': '/Users/cedric.conol/Documents/sellerx/', 'use_colors': 'True', 'use_experimental_parser': 'False', 'no_print': 'None', 'quiet': 'False', 'empty': 'None', 'log_format': 'default', 'introspect': 'True', 'static_parser': 'True', 'invocation_command': 'dbt init takehome_wh', 'target_path': 'None', 'warn_error_options': 'WarnErrorOptions(include=[], exclude=[])', 'send_anonymous_usage_stats': 'True'}
[0m22:51:28.132172 [debug] [MainThread]: Starter project path: /Users/cedric.conol/Documents/sellerx/dbt-env/lib/python3.10/site-packages/dbt/include/starter_project
[0m22:51:28.138026 [info ] [MainThread]: 
Your new dbt project "takehome_wh" was created!

For more information on how to configure the profiles.yml file,
please consult the dbt documentation here:

  https://docs.getdbt.com/docs/configure-your-profile

One more thing:

Need help? Don't hesitate to reach out to us via GitHub issues or on Slack:

  https://community.getdbt.com/

Happy modeling!

[0m22:51:28.138323 [info ] [MainThread]: Setting up your profile.
[0m22:51:37.482153 [error] [MainThread]: Encountered an error:

[0m22:51:37.488269 [error] [MainThread]: Traceback (most recent call last):
  File "/Users/cedric.conol/Documents/sellerx/dbt-env/lib/python3.10/site-packages/dbt/cli/requires.py", line 138, in wrapper
    result, success = func(*args, **kwargs)
  File "/Users/cedric.conol/Documents/sellerx/dbt-env/lib/python3.10/site-packages/dbt/cli/requires.py", line 101, in wrapper
    return func(*args, **kwargs)
  File "/Users/cedric.conol/Documents/sellerx/dbt-env/lib/python3.10/site-packages/dbt/cli/main.py", line 470, in init
    results = task.run()
  File "/Users/cedric.conol/Documents/sellerx/dbt-env/lib/python3.10/site-packages/dbt/task/init.py", line 347, in run
    self.setup_profile(profile_name)
  File "/Users/cedric.conol/Documents/sellerx/dbt-env/lib/python3.10/site-packages/dbt/task/init.py", line 262, in setup_profile
    adapter = self.ask_for_adapter_choice()
  File "/Users/cedric.conol/Documents/sellerx/dbt-env/lib/python3.10/site-packages/dbt/task/init.py", line 243, in ask_for_adapter_choice
    numeric_choice = click.prompt(prompt_msg, type=click.INT)
  File "/Users/cedric.conol/Documents/sellerx/dbt-env/lib/python3.10/site-packages/click/termui.py", line 164, in prompt
    value = prompt_func(prompt)
  File "/Users/cedric.conol/Documents/sellerx/dbt-env/lib/python3.10/site-packages/click/termui.py", line 147, in prompt_func
    raise Abort() from None
click.exceptions.Abort

[0m22:51:37.493350 [debug] [MainThread]: Resource report: {"command_name": "init", "command_wall_clock_time": 9.415575, "process_user_time": 0.627278, "process_kernel_time": 0.14969, "process_mem_max_rss": "95043584", "command_success": false, "process_in_blocks": "0", "process_out_blocks": "0"}
[0m22:51:37.497711 [debug] [MainThread]: Command `dbt init` failed at 22:51:37.497095 after 9.42 seconds
[0m22:51:37.498475 [debug] [MainThread]: Sending event: {'category': 'dbt', 'action': 'invocation', 'label': 'end', 'context': [<snowplow_tracker.self_describing_json.SelfDescribingJson object at 0x107323c70>, <snowplow_tracker.self_describing_json.SelfDescribingJson object at 0x11985a350>, <snowplow_tracker.self_describing_json.SelfDescribingJson object at 0x119890310>]}
[0m22:51:37.498928 [debug] [MainThread]: Flushing usage events
[0m22:52:01.004831 [debug] [MainThread]: Sending event: {'category': 'dbt', 'action': 'invocation', 'label': 'start', 'context': [<snowplow_tracker.self_describing_json.SelfDescribingJson object at 0x120723c10>, <snowplow_tracker.self_describing_json.SelfDescribingJson object at 0x122aca590>, <snowplow_tracker.self_describing_json.SelfDescribingJson object at 0x122acaad0>]}


============================== 22:52:01.008373 | 6a4f5dd1-d2a0-4ca3-8c80-19cf4089afd7 ==============================
[0m22:52:01.008373 [info ] [MainThread]: Running with dbt=1.8.8
[0m22:52:01.008731 [debug] [MainThread]: running dbt with arguments {'printer_width': '80', 'indirect_selection': 'eager', 'write_json': 'True', 'log_cache_events': 'False', 'partial_parse': 'True', 'cache_selected_only': 'False', 'profiles_dir': '/Users/cedric.conol/Documents/sellerx/', 'debug': 'False', 'version_check': 'True', 'log_path': '/Users/cedric.conol/Documents/sellerx/logs', 'warn_error': 'None', 'fail_fast': 'False', 'use_colors': 'True', 'use_experimental_parser': 'False', 'no_print': 'None', 'quiet': 'False', 'empty': 'None', 'warn_error_options': 'WarnErrorOptions(include=[], exclude=[])', 'invocation_command': 'dbt init takehome_wh', 'log_format': 'default', 'introspect': 'True', 'target_path': 'None', 'static_parser': 'True', 'send_anonymous_usage_stats': 'True'}
[0m22:52:01.017096 [info ] [MainThread]: A project called takehome_wh already exists here.
[0m22:52:01.018576 [debug] [MainThread]: Resource report: {"command_name": "init", "command_success": true, "command_wall_clock_time": 0.06955558, "process_user_time": 0.603415, "process_kernel_time": 0.103467, "process_mem_max_rss": "94961664", "process_in_blocks": "0", "process_out_blocks": "0"}
[0m22:52:01.019011 [debug] [MainThread]: Command `dbt init` succeeded at 22:52:01.018951 after 0.07 seconds
[0m22:52:01.019253 [debug] [MainThread]: Sending event: {'category': 'dbt', 'action': 'invocation', 'label': 'end', 'context': [<snowplow_tracker.self_describing_json.SelfDescribingJson object at 0x120723c10>, <snowplow_tracker.self_describing_json.SelfDescribingJson object at 0x122b2c280>, <snowplow_tracker.self_describing_json.SelfDescribingJson object at 0x122acb7c0>]}
[0m22:52:01.019458 [debug] [MainThread]: Flushing usage events
[0m22:52:11.579657 [debug] [MainThread]: Sending event: {'category': 'dbt', 'action': 'invocation', 'label': 'start', 'context': [<snowplow_tracker.self_describing_json.SelfDescribingJson object at 0x10677bc40>, <snowplow_tracker.self_describing_json.SelfDescribingJson object at 0x108b3cdf0>, <snowplow_tracker.self_describing_json.SelfDescribingJson object at 0x108b3c040>]}


============================== 22:52:11.583192 | 608215b9-5c01-4132-8fb6-656b7a9543ff ==============================
[0m22:52:11.583192 [info ] [MainThread]: Running with dbt=1.8.8
[0m22:52:11.583564 [debug] [MainThread]: running dbt with arguments {'printer_width': '80', 'indirect_selection': 'eager', 'write_json': 'True', 'log_cache_events': 'False', 'partial_parse': 'True', 'cache_selected_only': 'False', 'warn_error': 'None', 'debug': 'False', 'version_check': 'True', 'log_path': '/Users/cedric.conol/Documents/sellerx/logs', 'fail_fast': 'False', 'profiles_dir': '/Users/cedric.conol/Documents/sellerx/', 'use_colors': 'True', 'use_experimental_parser': 'False', 'empty': 'None', 'quiet': 'False', 'no_print': 'None', 'warn_error_options': 'WarnErrorOptions(include=[], exclude=[])', 'invocation_command': 'dbt init takehome_wh', 'static_parser': 'True', 'introspect': 'True', 'target_path': 'None', 'log_format': 'default', 'send_anonymous_usage_stats': 'True'}
[0m22:52:11.590716 [debug] [MainThread]: Starter project path: /Users/cedric.conol/Documents/sellerx/dbt-env/lib/python3.10/site-packages/dbt/include/starter_project
[0m22:52:11.595453 [info ] [MainThread]: 
Your new dbt project "takehome_wh" was created!

For more information on how to configure the profiles.yml file,
please consult the dbt documentation here:

  https://docs.getdbt.com/docs/configure-your-profile

One more thing:

Need help? Don't hesitate to reach out to us via GitHub issues or on Slack:

  https://community.getdbt.com/

Happy modeling!

[0m22:52:11.595704 [info ] [MainThread]: Setting up your profile.
[0m23:00:32.971850 [info ] [MainThread]: Profile takehome_wh written to /Users/cedric.conol/Documents/sellerx/profiles.yml using target's profile_template.yml and your supplied values. Run 'dbt debug' to validate the connection.
[0m23:00:32.979434 [debug] [MainThread]: Resource report: {"command_name": "init", "command_success": true, "command_wall_clock_time": 501.42487, "process_user_time": 0.76009, "process_kernel_time": 0.223065, "process_mem_max_rss": "100057088", "process_in_blocks": "0", "process_out_blocks": "0"}
[0m23:00:32.980850 [debug] [MainThread]: Command `dbt init` succeeded at 23:00:32.980626 after 501.43 seconds
[0m23:00:32.982946 [debug] [MainThread]: Sending event: {'category': 'dbt', 'action': 'invocation', 'label': 'end', 'context': [<snowplow_tracker.self_describing_json.SelfDescribingJson object at 0x10677bc40>, <snowplow_tracker.self_describing_json.SelfDescribingJson object at 0x108b3f100>, <snowplow_tracker.self_describing_json.SelfDescribingJson object at 0x108b59f30>]}
[0m23:00:32.983454 [debug] [MainThread]: Flushing usage events
[0m14:06:18.127421 [debug] [MainThread]: Sending event: {'category': 'dbt', 'action': 'invocation', 'label': 'start', 'context': [<snowplow_tracker.self_describing_json.SelfDescribingJson object at 0x120a7bc40>, <snowplow_tracker.self_describing_json.SelfDescribingJson object at 0x122c61d50>, <snowplow_tracker.self_describing_json.SelfDescribingJson object at 0x122f077f0>]}


============================== 14:06:18.130241 | 4ff35669-5de0-4b63-9c80-a3d2e895e2eb ==============================
[0m14:06:18.130241 [info ] [MainThread]: Running with dbt=1.8.8
[0m14:06:18.130559 [debug] [MainThread]: running dbt with arguments {'printer_width': '80', 'indirect_selection': 'eager', 'log_cache_events': 'False', 'write_json': 'True', 'partial_parse': 'True', 'cache_selected_only': 'False', 'warn_error': 'None', 'version_check': 'True', 'debug': 'False', 'log_path': '/Users/cedric.conol/Documents/sellerx/logs', 'fail_fast': 'False', 'profiles_dir': '/Users/cedric.conol/Documents/sellerx/', 'use_colors': 'True', 'use_experimental_parser': 'False', 'no_print': 'None', 'quiet': 'False', 'empty': 'None', 'log_format': 'default', 'introspect': 'True', 'static_parser': 'True', 'invocation_command': 'dbt init', 'target_path': 'None', 'warn_error_options': 'WarnErrorOptions(include=[], exclude=[])', 'send_anonymous_usage_stats': 'True'}
[0m14:06:24.445887 [debug] [MainThread]: Starter project path: /Users/cedric.conol/Documents/sellerx/dbt-env/lib/python3.10/site-packages/dbt/include/starter_project
[0m14:06:24.465978 [info ] [MainThread]: 
Your new dbt project "takehome_wh" was created!

For more information on how to configure the profiles.yml file,
please consult the dbt documentation here:

  https://docs.getdbt.com/docs/configure-your-profile

One more thing:

Need help? Don't hesitate to reach out to us via GitHub issues or on Slack:

  https://community.getdbt.com/

Happy modeling!

[0m14:06:24.466720 [info ] [MainThread]: Setting up your profile.
[0m14:08:46.536930 [info ] [MainThread]: Profile takehome_wh written to /Users/cedric.conol/Documents/sellerx/profiles.yml using target's profile_template.yml and your supplied values. Run 'dbt debug' to validate the connection.
[0m14:08:46.546910 [debug] [MainThread]: Resource report: {"command_name": "init", "command_success": true, "command_wall_clock_time": 148.46144, "process_user_time": 0.70383, "process_kernel_time": 0.236879, "process_mem_max_rss": "94912512", "process_in_blocks": "0", "process_out_blocks": "0"}
[0m14:08:46.549495 [debug] [MainThread]: Command `dbt init` succeeded at 14:08:46.548447 after 148.46 seconds
[0m14:08:46.551081 [debug] [MainThread]: Sending event: {'category': 'dbt', 'action': 'invocation', 'label': 'end', 'context': [<snowplow_tracker.self_describing_json.SelfDescribingJson object at 0x120a7bc40>, <snowplow_tracker.self_describing_json.SelfDescribingJson object at 0x122f07340>, <snowplow_tracker.self_describing_json.SelfDescribingJson object at 0x122f655a0>]}
[0m14:08:46.551932 [debug] [MainThread]: Flushing usage events
[0m14:08:54.368078 [debug] [MainThread]: Sending event: {'category': 'dbt', 'action': 'invocation', 'label': 'start', 'context': [<snowplow_tracker.self_describing_json.SelfDescribingJson object at 0x10499bc40>, <snowplow_tracker.self_describing_json.SelfDescribingJson object at 0x1062d3c40>, <snowplow_tracker.self_describing_json.SelfDescribingJson object at 0x1062d3580>]}


============================== 14:08:54.371251 | c4462292-8d9b-49ac-ac68-23a409a6c7f0 ==============================
[0m14:08:54.371251 [info ] [MainThread]: Running with dbt=1.8.8
[0m14:08:54.371591 [debug] [MainThread]: running dbt with arguments {'printer_width': '80', 'indirect_selection': 'eager', 'log_cache_events': 'False', 'write_json': 'True', 'partial_parse': 'True', 'cache_selected_only': 'False', 'profiles_dir': '/Users/cedric.conol/Documents/sellerx/', 'fail_fast': 'False', 'version_check': 'True', 'log_path': '/Users/cedric.conol/Documents/sellerx/logs', 'warn_error': 'None', 'debug': 'False', 'use_colors': 'True', 'use_experimental_parser': 'False', 'empty': 'None', 'quiet': 'False', 'no_print': 'None', 'warn_error_options': 'WarnErrorOptions(include=[], exclude=[])', 'introspect': 'True', 'log_format': 'default', 'invocation_command': 'dbt debug', 'target_path': 'None', 'static_parser': 'True', 'send_anonymous_usage_stats': 'True'}
[0m14:08:54.380449 [info ] [MainThread]: dbt version: 1.8.8
[0m14:08:54.380740 [info ] [MainThread]: python version: 3.10.9
[0m14:08:54.380921 [info ] [MainThread]: python path: /Users/cedric.conol/Documents/sellerx/dbt-env/bin/python
[0m14:08:54.381094 [info ] [MainThread]: os info: macOS-15.0.1-arm64-arm-64bit
[0m14:08:54.551576 [info ] [MainThread]: Using profiles dir at /Users/cedric.conol/Documents/sellerx/
[0m14:08:54.551934 [info ] [MainThread]: Using profiles.yml file at /Users/cedric.conol/Documents/sellerx/profiles.yml
[0m14:08:54.552141 [info ] [MainThread]: Using dbt_project.yml file at /Users/cedric.conol/Documents/sellerx/dbt_project.yml
[0m14:08:54.552541 [info ] [MainThread]: adapter type: snowflake
[0m14:08:54.552761 [info ] [MainThread]: adapter version: 1.8.4
[0m14:08:54.552939 [info ] [MainThread]: Configuration:
[0m14:08:54.553111 [info ] [MainThread]:   profiles.yml file [[32mOK found and valid[0m]
[0m14:08:54.553277 [info ] [MainThread]:   dbt_project.yml file [[31mERROR not found[0m]
[0m14:08:54.553548 [info ] [MainThread]: Required dependencies:
[0m14:08:54.553813 [debug] [MainThread]: Executing "git --help"
[0m14:08:54.571830 [debug] [MainThread]: STDOUT: "b"usage: git [-v | --version] [-h | --help] [-C <path>] [-c <name>=<value>]\n           [--exec-path[=<path>]] [--html-path] [--man-path] [--info-path]\n           [-p | --paginate | -P | --no-pager] [--no-replace-objects] [--bare]\n           [--git-dir=<path>] [--work-tree=<path>] [--namespace=<name>]\n           [--super-prefix=<path>] [--config-env=<name>=<envvar>]\n           <command> [<args>]\n\nThese are common Git commands used in various situations:\n\nstart a working area (see also: git help tutorial)\n   clone     Clone a repository into a new directory\n   init      Create an empty Git repository or reinitialize an existing one\n\nwork on the current change (see also: git help everyday)\n   add       Add file contents to the index\n   mv        Move or rename a file, a directory, or a symlink\n   restore   Restore working tree files\n   rm        Remove files from the working tree and from the index\n\nexamine the history and state (see also: git help revisions)\n   bisect    Use binary search to find the commit that introduced a bug\n   diff      Show changes between commits, commit and working tree, etc\n   grep      Print lines matching a pattern\n   log       Show commit logs\n   show      Show various types of objects\n   status    Show the working tree status\n\ngrow, mark and tweak your common history\n   branch    List, create, or delete branches\n   commit    Record changes to the repository\n   merge     Join two or more development histories together\n   rebase    Reapply commits on top of another base tip\n   reset     Reset current HEAD to the specified state\n   switch    Switch branches\n   tag       Create, list, delete or verify a tag object signed with GPG\n\ncollaborate (see also: git help workflows)\n   fetch     Download objects and refs from another repository\n   pull      Fetch from and integrate with another repository or a local branch\n   push      Update remote refs along with associated objects\n\n'git help -a' and 'git help -g' list available subcommands and some\nconcept guides. See 'git help <command>' or 'git help <concept>'\nto read about a specific subcommand or concept.\nSee 'git help git' for an overview of the system.\n""
[0m14:08:54.572556 [debug] [MainThread]: STDERR: "b''"
[0m14:08:54.572790 [info ] [MainThread]:  - git [[32mOK found[0m]

[0m14:08:54.573025 [info ] [MainThread]: Connection:
[0m14:08:54.573233 [info ] [MainThread]:   account: rm34151.ap-southeast-1
[0m14:08:54.573404 [info ] [MainThread]:   user: footymcfoot
[0m14:08:54.573566 [info ] [MainThread]:   database: takehome_db
[0m14:08:54.573725 [info ] [MainThread]:   warehouse: takehome_wh
[0m14:08:54.573884 [info ] [MainThread]:   role: takehome_role 
[0m14:08:54.574042 [info ] [MainThread]:   schema: takehome_schema
[0m14:08:54.574202 [info ] [MainThread]:   authenticator: None
[0m14:08:54.574358 [info ] [MainThread]:   oauth_client_id: None
[0m14:08:54.574514 [info ] [MainThread]:   query_tag: None
[0m14:08:54.574671 [info ] [MainThread]:   client_session_keep_alive: False
[0m14:08:54.574826 [info ] [MainThread]:   host: None
[0m14:08:54.574982 [info ] [MainThread]:   port: None
[0m14:08:54.575138 [info ] [MainThread]:   proxy_host: None
[0m14:08:54.575295 [info ] [MainThread]:   proxy_port: None
[0m14:08:54.575451 [info ] [MainThread]:   protocol: None
[0m14:08:54.575608 [info ] [MainThread]:   connect_retries: 1
[0m14:08:54.575765 [info ] [MainThread]:   connect_timeout: None
[0m14:08:54.575920 [info ] [MainThread]:   retry_on_database_errors: False
[0m14:08:54.576077 [info ] [MainThread]:   retry_all: False
[0m14:08:54.576230 [info ] [MainThread]:   insecure_mode: False
[0m14:08:54.576386 [info ] [MainThread]:   reuse_connections: None
[0m14:08:54.576757 [info ] [MainThread]: Registered adapter: snowflake=1.8.4
[0m14:08:54.580716 [debug] [MainThread]: Acquiring new snowflake connection 'debug'
[0m14:08:54.581516 [debug] [MainThread]: Using snowflake connection "debug"
[0m14:08:54.581687 [debug] [MainThread]: On debug: select 1 as id
[0m14:08:54.581841 [debug] [MainThread]: Opening a new connection, currently in state init
[0m14:08:57.307455 [debug] [MainThread]: Snowflake adapter: Error running SQL: select 1 as id
[0m14:08:57.308104 [debug] [MainThread]: Snowflake adapter: Rolling back transaction.
[0m14:08:57.308552 [debug] [MainThread]: On debug: No close available on handle
[0m14:08:57.308959 [info ] [MainThread]:   Connection test: [[31mERROR[0m]

[0m14:08:57.309420 [info ] [MainThread]: [31m2 checks failed:[0m
[0m14:08:57.309765 [info ] [MainThread]: Project loading failed for the following reason:
 project path </Users/cedric.conol/Documents/sellerx/dbt_project.yml> not found

[0m14:08:57.310116 [info ] [MainThread]: dbt was unable to connect to the specified database.
The database returned the following error:

  >Database Error
  250001 (08001): Failed to connect to DB: rm34151.ap-southeast-1.snowflakecomputing.com:443. Role 'TAKEHOME_ROLE ' specified in the connect string does not exist or not authorized. Contact your local system administrator, or attempt to login with another role, e.g. PUBLIC.

Check your database credentials and try again. For more information, visit:
https://docs.getdbt.com/docs/configure-your-profile


[0m14:08:57.312963 [debug] [MainThread]: Resource report: {"command_name": "debug", "command_wall_clock_time": 2.9885252, "process_user_time": 0.884313, "process_kernel_time": 0.201572, "process_mem_max_rss": "127057920", "command_success": false, "process_in_blocks": "0", "process_out_blocks": "0"}
[0m14:08:57.313710 [debug] [MainThread]: Command `dbt debug` failed at 14:08:57.313611 after 2.99 seconds
[0m14:08:57.314101 [debug] [MainThread]: Connection 'debug' was properly closed.
[0m14:08:57.314449 [debug] [MainThread]: Sending event: {'category': 'dbt', 'action': 'invocation', 'label': 'end', 'context': [<snowplow_tracker.self_describing_json.SelfDescribingJson object at 0x10499bc40>, <snowplow_tracker.self_describing_json.SelfDescribingJson object at 0x106ea5bd0>, <snowplow_tracker.self_describing_json.SelfDescribingJson object at 0x106e5b490>]}
[0m14:08:57.314840 [debug] [MainThread]: Flushing usage events
